----------------------------------------------------------------
Tue Jun 22 08:43:10 CEST 2021:
Booting Derby version The Apache Software Foundation - Apache Derby - 10.14.2.0 - (1828579): instance a816c00e-017a-3275-5cf4-0000033b7308 
on database directory memory:/Users/moritzschrom/Technikum_Nextcloud/BIF4/CIN_Continous_Integration/CarWebApp/074644a6-44eb-4498-a3e4-fb8181fd2b85 with class loader jdk.internal.loader.ClassLoaders$AppClassLoader@22d8cfe0 
Loaded from file:/Users/moritzschrom/.m2/repository/org/apache/derby/derby/10.14.2.0/derby-10.14.2.0.jar
java.vendor=Oracle Corporation
java.runtime.version=16+36-2231
user.dir=/Users/moritzschrom/Technikum_Nextcloud/BIF4/CIN_Continous_Integration/CarWebApp
os.name=Mac OS X
os.arch=x86_64
os.version=10.16
derby.system.home=null
Database Class Loader started - derby.database.classpath=''
----------------------------------------------------------------
Tue Jun 22 08:43:12 CEST 2021:
Booting Derby version The Apache Software Foundation - Apache Derby - 10.14.2.0 - (1828579): instance 52da80c5-017a-3275-5cf4-0000033b7308 
on database directory memory:/Users/moritzschrom/Technikum_Nextcloud/BIF4/CIN_Continous_Integration/CarWebApp/1f087595-ce4c-407b-9e8c-ebbd401014e7 with class loader jdk.internal.loader.ClassLoaders$AppClassLoader@22d8cfe0 
Loaded from file:/Users/moritzschrom/.m2/repository/org/apache/derby/derby/10.14.2.0/derby-10.14.2.0.jar
java.vendor=Oracle Corporation
java.runtime.version=16+36-2231
user.dir=/Users/moritzschrom/Technikum_Nextcloud/BIF4/CIN_Continous_Integration/CarWebApp
os.name=Mac OS X
os.arch=x86_64
os.version=10.16
derby.system.home=null
Database Class Loader started - derby.database.classpath=''
